<?xml version="1.0" encoding="UTF-8"?>
<!-- Generated by org.testng.reporters.JUnitXMLReporter -->
<testsuite ignored="0" hostname="ACU-HYD-LT-639" failures="0" tests="2" name="Test" time="18.396" errors="0" timestamp="2025-01-19T21:33:03 IST">
  <testcase classname="testCases.SC01_AccountRegistrationTest" name="TC01_verify_account_registration" time="2.405"/>
  <testcase classname="testCases.SC02_LoginTest" name="TC01_verify_login_with_valid_credentials" time="1.685"/>
</testsuite> <!-- Test -->
