<?xml version="1.0" encoding="UTF-8"?>
<!-- Generated by org.testng.reporters.JUnitXMLReporter -->
<testsuite ignored="0" hostname="ACU-HYD-LT-639" failures="0" tests="3" name="Test" time="19.231" errors="0" timestamp="2025-01-19T23:43:19 IST">
  <testcase classname="testCases.TC01_AccountRegistrationTest" name="verify_account_registration" time="2.182"/>
  <testcase classname="testCases.TC02_LoginTest" name="verify_login_with_valid_credentials" time="1.587"/>
  <testcase classname="testCases.TC03_LoginTest" name="verify_login_with_invalid_credentials" time="1.423"/>
</testsuite> <!-- Test -->
