<?xml version="1.0" encoding="UTF-8"?>
<testng-results ignored="0" total="1" passed="1" failed="0" skipped="0">
  <reporter-output>
  </reporter-output>
  <suite started-at="2025-01-16T19:49:01 IST" name="Suite" finished-at="2025-01-16T19:49:13 IST" duration-ms="12047">
    <groups>
    </groups>
    <test started-at="2025-01-16T19:49:01 IST" name="Test" finished-at="2025-01-16T19:49:13 IST" duration-ms="12047">
      <class name="testCases.TC001_AccountRegistrationTest">
        <test-method is-config="true" signature="setUp(java.lang.String,java.lang.String)[pri:0, instance:testCases.TC001_AccountRegistrationTest@202b0582]" started-at="2025-01-16T19:49:01 IST" name="setUp" finished-at="2025-01-16T19:49:09 IST" duration-ms="8003" status="PASS">
          <params>
            <param index="0">
              <value>
                <![CDATA[Windows]]>
              </value>
            </param>
            <param index="1">
              <value>
                <![CDATA[chrome]]>
              </value>
            </param>
          </params>
          <reporter-output>
          </reporter-output>
        </test-method> <!-- setUp -->
        <test-method signature="verify_account_registration()[pri:0, instance:testCases.TC001_AccountRegistrationTest@202b0582]" started-at="2025-01-16T19:49:09 IST" name="verify_account_registration" finished-at="2025-01-16T19:49:12 IST" duration-ms="3467" status="PASS">
          <reporter-output>
          </reporter-output>
        </test-method> <!-- verify_account_registration -->
        <test-method is-config="true" signature="tearDown()[pri:0, instance:testCases.TC001_AccountRegistrationTest@202b0582]" started-at="2025-01-16T19:49:12 IST" name="tearDown" finished-at="2025-01-16T19:49:13 IST" duration-ms="519" status="PASS">
          <reporter-output>
          </reporter-output>
        </test-method> <!-- tearDown -->
      </class> <!-- testCases.TC001_AccountRegistrationTest -->
    </test> <!-- Test -->
  </suite> <!-- Suite -->
</testng-results>
