<?xml version="1.0" encoding="UTF-8"?>
<testng-results ignored="0" total="2" passed="2" failed="0" skipped="0">
  <reporter-output>
  </reporter-output>
  <suite started-at="2025-01-19T21:32:45 IST" name="Suite" finished-at="2025-01-19T21:33:03 IST" duration-ms="18396">
    <groups>
    </groups>
    <test started-at="2025-01-19T21:32:45 IST" name="Test" finished-at="2025-01-19T21:33:03 IST" duration-ms="18396">
      <class name="testCases.SC02_LoginTest">
        <test-method is-config="true" signature="setUp(java.lang.String,java.lang.String)[pri:0, instance:testCases.SC02_LoginTest@74e28667]" started-at="2025-01-19T21:32:57 IST" name="setUp" finished-at="2025-01-19T21:33:01 IST" duration-ms="4080" status="PASS">
          <params>
            <param index="0">
              <value>
                <![CDATA[Windows]]>
              </value>
            </param>
            <param index="1">
              <value>
                <![CDATA[chrome]]>
              </value>
            </param>
          </params>
          <reporter-output>
          </reporter-output>
        </test-method> <!-- setUp -->
        <test-method signature="TC01_verify_login_with_valid_credentials()[pri:0, instance:testCases.SC02_LoginTest@74e28667]" started-at="2025-01-19T21:33:01 IST" name="TC01_verify_login_with_valid_credentials" finished-at="2025-01-19T21:33:03 IST" duration-ms="1685" status="PASS">
          <reporter-output>
          </reporter-output>
        </test-method> <!-- TC01_verify_login_with_valid_credentials -->
        <test-method is-config="true" signature="tearDown()[pri:0, instance:testCases.SC02_LoginTest@74e28667]" started-at="2025-01-19T21:33:03 IST" name="tearDown" finished-at="2025-01-19T21:33:03 IST" duration-ms="177" status="PASS">
          <reporter-output>
          </reporter-output>
        </test-method> <!-- tearDown -->
      </class> <!-- testCases.SC02_LoginTest -->
      <class name="testCases.SC01_AccountRegistrationTest">
        <test-method is-config="true" signature="setUp(java.lang.String,java.lang.String)[pri:0, instance:testCases.SC01_AccountRegistrationTest@1ca3b418]" started-at="2025-01-19T21:32:45 IST" name="setUp" finished-at="2025-01-19T21:32:55 IST" duration-ms="9816" status="PASS">
          <params>
            <param index="0">
              <value>
                <![CDATA[Windows]]>
              </value>
            </param>
            <param index="1">
              <value>
                <![CDATA[chrome]]>
              </value>
            </param>
          </params>
          <reporter-output>
          </reporter-output>
        </test-method> <!-- setUp -->
        <test-method signature="TC01_verify_account_registration()[pri:0, instance:testCases.SC01_AccountRegistrationTest@1ca3b418]" started-at="2025-01-19T21:32:55 IST" name="TC01_verify_account_registration" finished-at="2025-01-19T21:32:57 IST" duration-ms="2405" status="PASS">
          <reporter-output>
          </reporter-output>
        </test-method> <!-- TC01_verify_account_registration -->
        <test-method is-config="true" signature="tearDown()[pri:0, instance:testCases.SC01_AccountRegistrationTest@1ca3b418]" started-at="2025-01-19T21:32:57 IST" name="tearDown" finished-at="2025-01-19T21:32:57 IST" duration-ms="189" status="PASS">
          <reporter-output>
          </reporter-output>
        </test-method> <!-- tearDown -->
      </class> <!-- testCases.SC01_AccountRegistrationTest -->
    </test> <!-- Test -->
  </suite> <!-- Suite -->
</testng-results>
